# JRE version: OpenJDK Runtime Environment Temurin-21.0.12.1+1 (21.0.12.1+1) (build 21.0.12.1+1-LTS)
# Java VM: OpenJDK 64-Bit Server VM Temurin-21.0.12.1+1 (21.0.12.1+1-LTS, mixed mode, sharing, tiered, compressed oops, compressed class ptrs, parallel gc, windows-amd64)
GC Precious Log:
 CardTable entry size: 512
 CPUs: 12 total, 12 available
 Memory: 16251M
 Large Page Support: Disabled
 NUMA Support: Disabled
 Compressed Oops: Enabled (32-bit)
 Alignments: Space 512K, Generation 512K, Heap 2M
 Heap Min Capacity: 100M
 Heap Initial Capacity: 100M
 Heap Max Capacity: 2G
 Pre-touch: Disabled
 Parallel Workers: 10
Heap:
 PSYoungGen      total 4608K, used 2373K [0x00000000d5580000, 0x00000000d5c80000, 0x0000000100000000)
  eden space 4096K, 53% used [0x00000000d5580000,0x00000000d57a1618,0x00000000d5980000)
  from space 512K, 37% used [0x00000000d5c00000,0x00000000d5c30000,0x00000000d5c80000)
  to   space 512K, 0% used [0x00000000d5b80000,0x00000000d5b80000,0x00000000d5c00000)
 ParOldGen       total 1124352K, used 1124212K [0x0000000080000000, 0x00000000c4a00000, 0x00000000d5580000)
  object space 1124352K, 99% used [0x0000000080000000,0x00000000c49dd2c8,0x00000000c4a00000)
 Metaspace       used 103448K, committed 105472K, reserved 1179648K
  class space    used 10366K, committed 11328K, reserved 1048576K
GC Heap History (20 events):
Event: 4335.802 GC heap before
{Heap before GC invocations=6500 (full 8):
 PSYoungGen      total 3584K, used 3194K [0x00000000d5580000, 0x00000000d5a80000, 0x0000000100000000)
  eden space 2560K, 100% used [0x00000000d5580000,0x00000000d5800000,0x00000000d5800000)
  from space 1024K, 61% used [0x00000000d5900000,0x00000000d599e900,0x00000000d5a00000)
  to   space 1024K, 0% used [0x00000000d5800000,0x00000000d5800000,0x00000000d5900000)
 ParOldGen       total 1121792K, used 1121622K [0x0000000080000000, 0x00000000c4780000, 0x00000000d5580000)
  object space 1121792K, 99% used [0x0000000080000000,0x00000000c4755868,0x00000000c4780000)
 Metaspace       used 103419K, committed 105344K, reserved 1179648K
  class space    used 10364K, committed 11264K, reserved 1048576K
}
Event: 4335.804 GC heap after
{Heap after GC invocations=6500 (full 8):
 PSYoungGen      total 3584K, used 1024K [0x00000000d5580000, 0x00000000d5b80000, 0x0000000100000000)
  eden space 2560K, 0% used [0x00000000d5580000,0x00000000d5580000,0x00000000d5800000)
  from space 1024K, 100% used [0x00000000d5800000,0x00000000d5900000,0x00000000d5900000)
  to   space 1536K, 0% used [0x00000000d5a00000,0x00000000d5a00000,0x00000000d5b80000)
 ParOldGen       total 1122304K, used 1121794K [0x0000000080000000, 0x00000000c4800000, 0x00000000d5580000)
  object space 1122304K, 99% used [0x0000000080000000,0x00000000c4780a78,0x00000000c4800000)
 Metaspace       used 103419K, committed 105344K, reserved 1179648K
  class space    used 10364K, committed 11264K, reserved 1048576K
}
Event: 4335.807 GC heap before
{Heap before GC invocations=6501 (full 8):
 PSYoungGen      total 3584K, used 3584K [0x00000000d5580000, 0x00000000d5b80000, 0x0000000100000000)
  eden space 2560K, 100% used [0x00000000d5580000,0x00000000d5800000,0x00000000d5800000)
  from space 1024K, 100% used [0x00000000d5800000,0x00000000d5900000,0x00000000d5900000)
  to   space 1536K, 0% used [0x00000000d5a00000,0x00000000d5a00000,0x00000000d5b80000)
 ParOldGen       total 1122304K, used 1121794K [0x0000000080000000, 0x00000000c4800000, 0x00000000d5580000)
  object space 1122304K, 99% used [0x0000000080000000,0x00000000c4780a78,0x00000000c4800000)
 Metaspace       used 103419K, committed 105344K, reserved 1179648K
  class space    used 10364K, committed 11264K, reserved 1048576K
}
Event: 4335.810 GC heap after
{Heap after GC invocations=6501 (full 8):
 PSYoungGen      total 4096K, used 794K [0x00000000d5580000, 0x00000000d5b00000, 0x0000000100000000)
  eden space 3072K, 0% used [0x00000000d5580000,0x00000000d5580000,0x00000000d5880000)
  from space 1024K, 77% used [0x00000000d5a00000,0x00000000d5ac6900,0x00000000d5b00000)
  to   space 1024K, 0% used [0x00000000d5900000,0x00000000d5900000,0x00000000d5a00000)
 ParOldGen       total 1122304K, used 1122026K [0x0000000080000000, 0x00000000c4800000, 0x00000000d5580000)
  object space 1122304K, 99% used [0x0000000080000000,0x00000000c47baa88,0x00000000c4800000)
 Metaspace       used 103419K, committed 105344K, reserved 1179648K
  class space    used 10364K, committed 11264K, reserved 1048576K
}
Event: 4335.814 GC heap before
{Heap before GC invocations=6502 (full 8):
 PSYoungGen      total 4096K, used 3866K [0x00000000d5580000, 0x00000000d5b00000, 0x0000000100000000)
  eden space 3072K, 100% used [0x00000000d5580000,0x00000000d5880000,0x00000000d5880000)
  from space 1024K, 77% used [0x00000000d5a00000,0x00000000d5ac6900,0x00000000d5b00000)
  to   space 1024K, 0% used [0x00000000d5900000,0x00000000d5900000,0x00000000d5a00000)
 ParOldGen       total 1122304K, used 1122026K [0x0000000080000000, 0x00000000c4800000, 0x00000000d5580000)
  object space 1122304K, 99% used [0x0000000080000000,0x00000000c47baa88,0x00000000c4800000)
 Metaspace       used 103419K, committed 105344K, reserved 1179648K
  class space    used 10364K, committed 11264K, reserved 1048576K
}
Event: 4335.815 GC heap after
{Heap after GC invocations=6502 (full 8):
 PSYoungGen      total 4608K, used 538K [0x00000000d5580000, 0x00000000d5b80000, 0x0000000100000000)
  eden space 3584K, 0% used [0x00000000d5580000,0x00000000d5580000,0x00000000d5900000)
  from space 1024K, 52% used [0x00000000d5900000,0x00000000d5986900,0x00000000d5a00000)
  to   space 1024K, 0% used [0x00000000d5a80000,0x00000000d5a80000,0x00000000d5b80000)
 ParOldGen       total 1122816K, used 1122367K [0x0000000080000000, 0x00000000c4880000, 0x00000000d5580000)
  object space 1122816K, 99% used [0x0000000080000000,0x00000000c480fc88,0x00000000c4880000)
 Metaspace       used 103419K, committed 105344K, reserved 1179648K
  class space    used 10364K, committed 11264K, reserved 1048576K
}
Event: 4335.820 GC heap before
{Heap before GC invocations=6503 (full 8):
 PSYoungGen      total 4608K, used 4122K [0x00000000d5580000, 0x00000000d5b80000, 0x0000000100000000)
  eden space 3584K, 100% used [0x00000000d5580000,0x00000000d5900000,0x00000000d5900000)
  from space 1024K, 52% used [0x00000000d5900000,0x00000000d5986900,0x00000000d5a00000)
  to   space 1024K, 0% used [0x00000000d5a80000,0x00000000d5a80000,0x00000000d5b80000)
 ParOldGen       total 1122816K, used 1122367K [0x0000000080000000, 0x00000000c4880000, 0x00000000d5580000)
  object space 1122816K, 99% used [0x0000000080000000,0x00000000c480fc88,0x00000000c4880000)
 Metaspace       used 103419K, committed 105344K, reserved 1179648K
  class space    used 10364K, committed 11264K, reserved 1048576K
}
Event: 4335.822 GC heap after
{Heap after GC invocations=6503 (full 8):
 PSYoungGen      total 5120K, used 698K [0x00000000d5580000, 0x00000000d5c00000, 0x0000000100000000)
  eden space 4096K, 0% used [0x00000000d5580000,0x00000000d5580000,0x00000000d5980000)
  from space 1024K, 68% used [0x00000000d5a80000,0x00000000d5b2e900,0x00000000d5b80000)
  to   space 1024K, 0% used [0x00000000d5980000,0x00000000d5980000,0x00000000d5a80000)
 ParOldGen       total 1122816K, used 1122499K [0x0000000080000000, 0x00000000c4880000, 0x00000000d5580000)
  object space 1122816K, 99% used [0x0000000080000000,0x00000000c4830e98,0x00000000c4880000)
 Metaspace       used 103419K, committed 105344K, reserved 1179648K
  class space    used 10364K, committed 11264K, reserved 1048576K
}
Event: 4335.827 GC heap before
{Heap before GC invocations=6504 (full 8):
 PSYoungGen      total 5120K, used 4794K [0x00000000d5580000, 0x00000000d5c00000, 0x0000000100000000)
  eden space 4096K, 100% used [0x00000000d5580000,0x00000000d5980000,0x00000000d5980000)
  from space 1024K, 68% used [0x00000000d5a80000,0x00000000d5b2e900,0x00000000d5b80000)
  to   space 1024K, 0% used [0x00000000d5980000,0x00000000d5980000,0x00000000d5a80000)
 ParOldGen       total 1122816K, used 1122499K [0x0000000080000000, 0x00000000c4880000, 0x00000000d5580000)
  object space 1122816K, 99% used [0x0000000080000000,0x00000000c4830e98,0x00000000c4880000)
 Metaspace       used 103419K, committed 105344K, reserved 1179648K
  class space    used 10364K, committed 11264K, reserved 1048576K
}
Event: 4335.828 GC heap after
{Heap after GC invocations=6504 (full 8):
 PSYoungGen      total 5120K, used 650K [0x00000000d5580000, 0x00000000d5c80000, 0x0000000100000000)
  eden space 4096K, 0% used [0x00000000d5580000,0x00000000d5580000,0x00000000d5980000)
  from space 1024K, 63% used [0x00000000d5980000,0x00000000d5a22910,0x00000000d5a80000)
  to   space 1024K, 0% used [0x00000000d5b80000,0x00000000d5b80000,0x00000000d5c80000)
 ParOldGen       total 1122816K, used 1122648K [0x0000000080000000, 0x00000000c4880000, 0x00000000d5580000)
  object space 1122816K, 99% used [0x0000000080000000,0x00000000c48560a8,0x00000000c4880000)
 Metaspace       used 103419K, committed 105344K, reserved 1179648K
  class space    used 10364K, committed 11264K, reserved 1048576K
}
Event: 4335.833 GC heap before
{Heap before GC invocations=6505 (full 8):
 PSYoungGen      total 5120K, used 4732K [0x00000000d5580000, 0x00000000d5c80000, 0x0000000100000000)
  eden space 4096K, 99% used [0x00000000d5580000,0x00000000d597c9d8,0x00000000d5980000)
  from space 1024K, 63% used [0x00000000d5980000,0x00000000d5a22910,0x00000000d5a80000)
  to   space 1024K, 0% used [0x00000000d5b80000,0x00000000d5b80000,0x00000000d5c80000)
 ParOldGen       total 1122816K, used 1122648K [0x0000000080000000, 0x00000000c4880000, 0x00000000d5580000)
  object space 1122816K, 99% used [0x0000000080000000,0x00000000c48560a8,0x00000000c4880000)
 Metaspace       used 103419K, committed 105344K, reserved 1179648K
  class space    used 10364K, committed 11264K, reserved 1048576K
}
Event: 4335.836 GC heap after
{Heap after GC invocations=6505 (full 8):
 PSYoungGen      total 5120K, used 1008K [0x00000000d5580000, 0x00000000d5e80000, 0x0000000100000000)
  eden space 4096K, 0% used [0x00000000d5580000,0x00000000d5580000,0x00000000d5980000)
  from space 1024K, 98% used [0x00000000d5b80000,0x00000000d5c7c020,0x00000000d5c80000)
  to   space 2048K, 0% used [0x00000000d5980000,0x00000000d5980000,0x00000000d5b80000)
 ParOldGen       total 1123328K, used 1123244K [0x0000000080000000, 0x00000000c4900000, 0x00000000d5580000)
  object space 1123328K, 99% used [0x0000000080000000,0x00000000c48eb2b8,0x00000000c4900000)
 Metaspace       used 103419K, committed 105344K, reserved 1179648K
  class space    used 10364K, committed 11264K, reserved 1048576K
}
Event: 4335.845 GC heap before
{Heap before GC invocations=6506 (full 8):
 PSYoungGen      total 5120K, used 5104K [0x00000000d5580000, 0x00000000d5e80000, 0x0000000100000000)
  eden space 4096K, 100% used [0x00000000d5580000,0x00000000d5980000,0x00000000d5980000)
  from space 1024K, 98% used [0x00000000d5b80000,0x00000000d5c7c020,0x00000000d5c80000)
  to   space 2048K, 0% used [0x00000000d5980000,0x00000000d5980000,0x00000000d5b80000)
 ParOldGen       total 1123328K, used 1123244K [0x0000000080000000, 0x00000000c4900000, 0x00000000d5580000)
  object space 1123328K, 99% used [0x0000000080000000,0x00000000c48eb2b8,0x00000000c4900000)
 Metaspace       used 103419K, committed 105344K, reserved 1179648K
  class space    used 10364K, committed 11264K, reserved 1048576K
}
Event: 4335.847 GC heap after
{Heap after GC invocations=6506 (full 8):
 PSYoungGen      total 6144K, used 820K [0x00000000d5580000, 0x00000000d5d80000, 0x0000000100000000)
  eden space 4096K, 0% used [0x00000000d5580000,0x00000000d5580000,0x00000000d5980000)
  from space 2048K, 40% used [0x00000000d5980000,0x00000000d5a4d200,0x00000000d5b80000)
  to   space 1536K, 0% used [0x00000000d5c00000,0x00000000d5c00000,0x00000000d5d80000)
 ParOldGen       total 1123840K, used 1123788K [0x0000000080000000, 0x00000000c4980000, 0x00000000d5580000)
  object space 1123840K, 99% used [0x0000000080000000,0x00000000c49732c8,0x00000000c4980000)
 Metaspace       used 103419K, committed 105344K, reserved 1179648K
  class space    used 10364K, committed 11264K, reserved 1048576K
}
Event: 4357.495 GC heap before
{Heap before GC invocations=6507 (full 8):
 PSYoungGen      total 6144K, used 4916K [0x00000000d5580000, 0x00000000d5d80000, 0x0000000100000000)
  eden space 4096K, 100% used [0x00000000d5580000,0x00000000d5980000,0x00000000d5980000)
  from space 2048K, 40% used [0x00000000d5980000,0x00000000d5a4d200,0x00000000d5b80000)
  to   space 1536K, 0% used [0x00000000d5c00000,0x00000000d5c00000,0x00000000d5d80000)
 ParOldGen       total 1123840K, used 1123788K [0x0000000080000000, 0x00000000c4980000, 0x00000000d5580000)
  object space 1123840K, 99% used [0x0000000080000000,0x00000000c49732c8,0x00000000c4980000)
 Metaspace       used 103422K, committed 105344K, reserved 1179648K
  class space    used 10364K, committed 11264K, reserved 1048576K
}
Event: 4357.496 GC heap after
{Heap after GC invocations=6507 (full 8):
 PSYoungGen      total 4608K, used 346K [0x00000000d5580000, 0x00000000d5c80000, 0x0000000100000000)
  eden space 4096K, 0% used [0x00000000d5580000,0x00000000d5580000,0x00000000d5980000)
  from space 512K, 67% used [0x00000000d5c00000,0x00000000d5c56900,0x00000000d5c80000)
  to   space 1024K, 0% used [0x00000000d5a80000,0x00000000d5a80000,0x00000000d5b80000)
 ParOldGen       total 1124352K, used 1124140K [0x0000000080000000, 0x00000000c4a00000, 0x00000000d5580000)
  object space 1124352K, 99% used [0x0000000080000000,0x00000000c49cb2c8,0x00000000c4a00000)
 Metaspace       used 103422K, committed 105344K, reserved 1179648K
  class space    used 10364K, committed 11264K, reserved 1048576K
}
Event: 4359.918 GC heap before
{Heap before GC invocations=6508 (full 8):
 PSYoungGen      total 4608K, used 4442K [0x00000000d5580000, 0x00000000d5c80000, 0x0000000100000000)
  eden space 4096K, 100% used [0x00000000d5580000,0x00000000d5980000,0x00000000d5980000)
  from space 512K, 67% used [0x00000000d5c00000,0x00000000d5c56900,0x00000000d5c80000)
  to   space 1024K, 0% used [0x00000000d5a80000,0x00000000d5a80000,0x00000000d5b80000)
 ParOldGen       total 1124352K, used 1124140K [0x0000000080000000, 0x00000000c4a00000, 0x00000000d5580000)
  object space 1124352K, 99% used [0x0000000080000000,0x00000000c49cb2c8,0x00000000c4a00000)
 Metaspace       used 103424K, committed 105344K, reserved 1179648K
  class space    used 10364K, committed 11264K, reserved 1048576K
}
Event: 4359.920 GC heap after
{Heap after GC invocations=6508 (full 8):
 PSYoungGen      total 5120K, used 410K [0x00000000d5580000, 0x00000000d5c80000, 0x0000000100000000)
  eden space 4096K, 0% used [0x00000000d5580000,0x00000000d5580000,0x00000000d5980000)
  from space 1024K, 40% used [0x00000000d5a80000,0x00000000d5ae6900,0x00000000d5b80000)
  to   space 512K, 0% used [0x00000000d5c00000,0x00000000d5c00000,0x00000000d5c80000)
 ParOldGen       total 1124352K, used 1124204K [0x0000000080000000, 0x00000000c4a00000, 0x00000000d5580000)
  object space 1124352K, 99% used [0x0000000080000000,0x00000000c49db2c8,0x00000000c4a00000)
 Metaspace       used 103424K, committed 105344K, reserved 1179648K
  class space    used 10364K, committed 11264K, reserved 1048576K
}
Event: 4368.281 GC heap before
{Heap before GC invocations=6509 (full 8):
 PSYoungGen      total 5120K, used 4506K [0x00000000d5580000, 0x00000000d5c80000, 0x0000000100000000)
  eden space 4096K, 100% used [0x00000000d5580000,0x00000000d5980000,0x00000000d5980000)
  from space 1024K, 40% used [0x00000000d5a80000,0x00000000d5ae6900,0x00000000d5b80000)
  to   space 512K, 0% used [0x00000000d5c00000,0x00000000d5c00000,0x00000000d5c80000)
 ParOldGen       total 1124352K, used 1124204K [0x0000000080000000, 0x00000000c4a00000, 0x00000000d5580000)
  object space 1124352K, 99% used [0x0000000080000000,0x00000000c49db2c8,0x00000000c4a00000)
 Metaspace       used 103431K, committed 105472K, reserved 1179648K
  class space    used 10365K, committed 11328K, reserved 1048576K
}
Event: 4368.283 GC heap after
{Heap after GC invocations=6509 (full 8):
 PSYoungGen      total 4608K, used 192K [0x00000000d5580000, 0x00000000d5c80000, 0x0000000100000000)
  eden space 4096K, 0% used [0x00000000d5580000,0x00000000d5580000,0x00000000d5980000)
  from space 512K, 37% used [0x00000000d5c00000,0x00000000d5c30000,0x00000000d5c80000)
  to   space 512K, 0% used [0x00000000d5b80000,0x00000000d5b80000,0x00000000d5c00000)
 ParOldGen       total 1124352K, used 1124212K [0x0000000080000000, 0x00000000c4a00000, 0x00000000d5580000)
  object space 1124352K, 99% used [0x0000000080000000,0x00000000c49dd2c8,0x00000000c4a00000)
 Metaspace       used 103431K, committed 105472K, reserved 1179648K
  class space    used 10365K, committed 11328K, reserved 1048576K
}

